<?xml version="1.0" encoding="UTF-8"?>
<!-- Generated by org.testng.reporters.JUnitReportReporter -->
<testsuite hostname="Raghunaths-MacBook-Pro.local" name="artifactid.Mobile" tests="3" failures="0" timestamp="7 Jan 2020 11:19:22 GMT" time="0.012" errors="0">
  <testcase name="MobileLogout" time="0.000" classname="artifactid.Mobile"/>
  <testcase name="MobilePurchase" time="0.001" classname="artifactid.Mobile"/>
  <testcase name="MobileLogin" time="0.011" classname="artifactid.Mobile"/>
</testsuite> <!-- artifactid.Mobile -->
